<?xml version="1.0" encoding="UTF-8"?>
<testng-results skipped="0" failed="0" ignored="0" total="1" passed="1">
  <reporter-output>
  </reporter-output>
  <suite name="Default suite" duration-ms="17573" started-at="2019-05-08T19:46:07Z" finished-at="2019-05-08T19:46:25Z">
    <groups>
    </groups>
    <test name="Default test" duration-ms="17573" started-at="2019-05-08T19:46:07Z" finished-at="2019-05-08T19:46:25Z">
      <class name="com.pacs.automation.tests.Test1">
        <test-method status="PASS" signature="beforeTest()[pri:0, instance:com.pacs.automation.tests.Test1@46d56d67]" name="beforeTest" is-config="true" duration-ms="9717" started-at="2019-05-08T19:46:07Z" finished-at="2019-05-08T19:46:17Z">
          <reporter-output>
          </reporter-output>
        </test-method> <!-- beforeTest -->
        <test-method status="PASS" signature="test()[pri:0, instance:com.pacs.automation.tests.Test1@46d56d67]" name="test" duration-ms="7061" started-at="2019-05-08T19:46:17Z" finished-at="2019-05-08T19:46:24Z">
          <reporter-output>
          </reporter-output>
        </test-method> <!-- test -->
        <test-method status="PASS" signature="afterTest()[pri:0, instance:com.pacs.automation.tests.Test1@46d56d67]" name="afterTest" is-config="true" duration-ms="764" started-at="2019-05-08T19:46:24Z" finished-at="2019-05-08T19:46:25Z">
          <reporter-output>
          </reporter-output>
        </test-method> <!-- afterTest -->
      </class> <!-- com.pacs.automation.tests.Test1 -->
    </test> <!-- Default test -->
  </suite> <!-- Default suite -->
</testng-results>
